<?xml version="1.0" encoding="UTF-8"?>
<!-- Generated by org.testng.reporters.JUnitXMLReporter -->
<testsuite ignored="0" hostname="DESKTOP-4GAOFMD" failures="0" tests="2" name="dataparameterization" time="0.088" errors="0" timestamp="2024-06-18T21:03:36 IST">
  <testcase classname="dataProviders.DataParameterizationSimple" name="firstWebTest" time="0.01"/>
  <testcase classname="dataProviders.DataParameterizationSimple" name="secondWebTest" time="0.008"/>
</testsuite> <!-- dataparameterization -->
