<?xml version="1.0" encoding="UTF-8"?>
<!-- Generated by org.testng.reporters.JUnitXMLReporter -->
<testsuite ignored="0" hostname="DESKTOP-4GAOFMD" failures="1" tests="2" name="Test" time="0.13" errors="0" timestamp="2024-06-28T18:13:53 IST">
  <testcase classname="Listeners.ApiTests" name="mytest1API" time="0.016"/>
  <testcase classname="Listeners.ApiTests" name="mytest2API" time="0.005">
    <failure type="java.lang.AssertionError" message="null">
      <![CDATA[java.lang.AssertionError: null
at Listeners.ApiTests.mytest2API(ApiTests.java:16)
at java.base/java.util.ArrayList.forEach(ArrayList.java:1511)
... Removed 29 stack frames]]>
    </failure>
  </testcase> <!-- mytest2API -->
</testsuite> <!-- Test -->
