<?xml version="1.0" encoding="UTF-8"?>
<testng-results ignored="0" total="1" passed="1" failed="0" skipped="0">
  <reporter-output>
  </reporter-output>
  <suite started-at="2024-07-05T23:38:16 IST" name="Default suite" finished-at="2024-07-05T23:38:31 IST" duration-ms="14308">
    <groups>
    </groups>
    <test started-at="2024-07-05T23:38:16 IST" name="Default test" finished-at="2024-07-05T23:38:31 IST" duration-ms="14308">
      <class name="uiComponents.AlertHandling">
        <test-method signature="handleJSAlert()[pri:0, instance:uiComponents.AlertHandling@59662a0b]" started-at="2024-07-05T23:38:16 IST" name="handleJSAlert" finished-at="2024-07-05T23:38:31 IST" duration-ms="14206" status="PASS">
          <reporter-output>
          </reporter-output>
        </test-method> <!-- handleJSAlert -->
      </class> <!-- uiComponents.AlertHandling -->
    </test> <!-- Default test -->
  </suite> <!-- Default suite -->
</testng-results>
